Error: Cannot find module 'depd'
Require stack:
- D:\work\test\study\nodejs\demo0_node_vue_elementUI博客项目实战\blog_linux\node_modules\_http-errors@1.6.3@http-errors\index.js
- D:\work\test\study\nodejs\demo0_node_vue_elementUI博客项目实战\blog_linux\app.js
- D:\work\test\study\nodejs\demo0_node_vue_elementUI博客项目实战\blog_linux\bin\www
    at Function.Module._resolveFilename (internal/modules/cjs/loader.js:880:15)
    at Module.Hook._require.Module.require (D:\work\tools\nodeJs\npmWorkspace\node_global\node_modules\pm2\node_modules\_require-in-the-middle@5.1.0@require-in-the-middle\index.js:61:29)
    at require (internal/modules/cjs/helpers.js:88:18)
    at Object.<anonymous> (D:\work\test\study\nodejs\demo0_node_vue_elementUI博客项目实战\blog_linux\node_modules\_http-errors@1.6.3@http-errors\index.js:15:17)
    at Module._compile (internal/modules/cjs/loader.js:1063:30)
    at Object.Module._extensions..js (internal/modules/cjs/loader.js:1092:10)
    at Module.load (internal/modules/cjs/loader.js:928:32)
    at Function.Module._load (internal/modules/cjs/loader.js:769:14)
    at Module.require (internal/modules/cjs/loader.js:952:19)
    at Module.Hook._require.Module.require (D:\work\tools\nodeJs\npmWorkspace\node_global\node_modules\pm2\node_modules\_require-in-the-middle@5.1.0@require-in-the-middle\index.js:80:39)
Error: Cannot find module 'depd'
Require stack:
- D:\work\test\study\nodejs\demo0_node_vue_elementUI博客项目实战\blog_linux\node_modules\_http-errors@1.6.3@http-errors\index.js
- D:\work\test\study\nodejs\demo0_node_vue_elementUI博客项目实战\blog_linux\app.js
- D:\work\test\study\nodejs\demo0_node_vue_elementUI博客项目实战\blog_linux\bin\www
    at Function.Module._resolveFilename (internal/modules/cjs/loader.js:880:15)
    at Module.Hook._require.Module.require (D:\work\tools\nodeJs\npmWorkspace\node_global\node_modules\pm2\node_modules\_require-in-the-middle@5.1.0@require-in-the-middle\index.js:61:29)
    at require (internal/modules/cjs/helpers.js:88:18)
    at Object.<anonymous> (D:\work\test\study\nodejs\demo0_node_vue_elementUI博客项目实战\blog_linux\node_modules\_http-errors@1.6.3@http-errors\index.js:15:17)
    at Module._compile (internal/modules/cjs/loader.js:1063:30)
    at Object.Module._extensions..js (internal/modules/cjs/loader.js:1092:10)
    at Module.load (internal/modules/cjs/loader.js:928:32)
    at Function.Module._load (internal/modules/cjs/loader.js:769:14)
    at Module.require (internal/modules/cjs/loader.js:952:19)
    at Module.Hook._require.Module.require (D:\work\tools\nodeJs\npmWorkspace\node_global\node_modules\pm2\node_modules\_require-in-the-middle@5.1.0@require-in-the-middle\index.js:80:39)
Error: Cannot find module 'depd'
Require stack:
- D:\work\test\study\nodejs\demo0_node_vue_elementUI博客项目实战\blog_linux\node_modules\_http-errors@1.6.3@http-errors\index.js
- D:\work\test\study\nodejs\demo0_node_vue_elementUI博客项目实战\blog_linux\app.js
- D:\work\test\study\nodejs\demo0_node_vue_elementUI博客项目实战\blog_linux\bin\www
    at Function.Module._resolveFilename (internal/modules/cjs/loader.js:880:15)
    at Module.Hook._require.Module.require (D:\work\tools\nodeJs\npmWorkspace\node_global\node_modules\pm2\node_modules\_require-in-the-middle@5.1.0@require-in-the-middle\index.js:61:29)
    at require (internal/modules/cjs/helpers.js:88:18)
    at Object.<anonymous> (D:\work\test\study\nodejs\demo0_node_vue_elementUI博客项目实战\blog_linux\node_modules\_http-errors@1.6.3@http-errors\index.js:15:17)
    at Module._compile (internal/modules/cjs/loader.js:1063:30)
    at Object.Module._extensions..js (internal/modules/cjs/loader.js:1092:10)
    at Module.load (internal/modules/cjs/loader.js:928:32)
    at Function.Module._load (internal/modules/cjs/loader.js:769:14)
    at Module.require (internal/modules/cjs/loader.js:952:19)
    at Module.Hook._require.Module.require (D:\work\tools\nodeJs\npmWorkspace\node_global\node_modules\pm2\node_modules\_require-in-the-middle@5.1.0@require-in-the-middle\index.js:80:39)
Error: Cannot find module 'depd'
Require stack:
- D:\work\test\study\nodejs\demo0_node_vue_elementUI博客项目实战\blog_linux\node_modules\_http-errors@1.6.3@http-errors\index.js
- D:\work\test\study\nodejs\demo0_node_vue_elementUI博客项目实战\blog_linux\app.js
- D:\work\test\study\nodejs\demo0_node_vue_elementUI博客项目实战\blog_linux\bin\www
    at Function.Module._resolveFilename (internal/modules/cjs/loader.js:880:15)
    at Module.Hook._require.Module.require (D:\work\tools\nodeJs\npmWorkspace\node_global\node_modules\pm2\node_modules\_require-in-the-middle@5.1.0@require-in-the-middle\index.js:61:29)
    at require (internal/modules/cjs/helpers.js:88:18)
    at Object.<anonymous> (D:\work\test\study\nodejs\demo0_node_vue_elementUI博客项目实战\blog_linux\node_modules\_http-errors@1.6.3@http-errors\index.js:15:17)
    at Module._compile (internal/modules/cjs/loader.js:1063:30)
    at Object.Module._extensions..js (internal/modules/cjs/loader.js:1092:10)
    at Module.load (internal/modules/cjs/loader.js:928:32)
    at Function.Module._load (internal/modules/cjs/loader.js:769:14)
    at Module.require (internal/modules/cjs/loader.js:952:19)
    at Module.Hook._require.Module.require (D:\work\tools\nodeJs\npmWorkspace\node_global\node_modules\pm2\node_modules\_require-in-the-middle@5.1.0@require-in-the-middle\index.js:80:39)
Error: Cannot find module 'depd'
Require stack:
- D:\work\test\study\nodejs\demo0_node_vue_elementUI博客项目实战\blog_linux\node_modules\_http-errors@1.6.3@http-errors\index.js
- D:\work\test\study\nodejs\demo0_node_vue_elementUI博客项目实战\blog_linux\app.js
- D:\work\test\study\nodejs\demo0_node_vue_elementUI博客项目实战\blog_linux\bin\www
    at Function.Module._resolveFilename (internal/modules/cjs/loader.js:880:15)
    at Module.Hook._require.Module.require (D:\work\tools\nodeJs\npmWorkspace\node_global\node_modules\pm2\node_modules\_require-in-the-middle@5.1.0@require-in-the-middle\index.js:61:29)
    at require (internal/modules/cjs/helpers.js:88:18)
    at Object.<anonymous> (D:\work\test\study\nodejs\demo0_node_vue_elementUI博客项目实战\blog_linux\node_modules\_http-errors@1.6.3@http-errors\index.js:15:17)
    at Module._compile (internal/modules/cjs/loader.js:1063:30)
    at Object.Module._extensions..js (internal/modules/cjs/loader.js:1092:10)
    at Module.load (internal/modules/cjs/loader.js:928:32)
    at Function.Module._load (internal/modules/cjs/loader.js:769:14)
    at Module.require (internal/modules/cjs/loader.js:952:19)
    at Module.Hook._require.Module.require (D:\work\tools\nodeJs\npmWorkspace\node_global\node_modules\pm2\node_modules\_require-in-the-middle@5.1.0@require-in-the-middle\index.js:80:39)
Error: Cannot find module 'depd'
Require stack:
- D:\work\test\study\nodejs\demo0_node_vue_elementUI博客项目实战\blog_linux\node_modules\_http-errors@1.6.3@http-errors\index.js
- D:\work\test\study\nodejs\demo0_node_vue_elementUI博客项目实战\blog_linux\app.js
- D:\work\test\study\nodejs\demo0_node_vue_elementUI博客项目实战\blog_linux\bin\www
    at Function.Module._resolveFilename (internal/modules/cjs/loader.js:880:15)
    at Module.Hook._require.Module.require (D:\work\tools\nodeJs\npmWorkspace\node_global\node_modules\pm2\node_modules\_require-in-the-middle@5.1.0@require-in-the-middle\index.js:61:29)
    at require (internal/modules/cjs/helpers.js:88:18)
    at Object.<anonymous> (D:\work\test\study\nodejs\demo0_node_vue_elementUI博客项目实战\blog_linux\node_modules\_http-errors@1.6.3@http-errors\index.js:15:17)
    at Module._compile (internal/modules/cjs/loader.js:1063:30)
    at Object.Module._extensions..js (internal/modules/cjs/loader.js:1092:10)
    at Module.load (internal/modules/cjs/loader.js:928:32)
    at Function.Module._load (internal/modules/cjs/loader.js:769:14)
    at Module.require (internal/modules/cjs/loader.js:952:19)
    at Module.Hook._require.Module.require (D:\work\tools\nodeJs\npmWorkspace\node_global\node_modules\pm2\node_modules\_require-in-the-middle@5.1.0@require-in-the-middle\index.js:80:39)
Error: Cannot find module 'depd'
Require stack:
- D:\work\test\study\nodejs\demo0_node_vue_elementUI博客项目实战\blog_linux\node_modules\_http-errors@1.6.3@http-errors\index.js
- D:\work\test\study\nodejs\demo0_node_vue_elementUI博客项目实战\blog_linux\app.js
- D:\work\test\study\nodejs\demo0_node_vue_elementUI博客项目实战\blog_linux\bin\www
    at Function.Module._resolveFilename (internal/modules/cjs/loader.js:880:15)
    at Module.Hook._require.Module.require (D:\work\tools\nodeJs\npmWorkspace\node_global\node_modules\pm2\node_modules\_require-in-the-middle@5.1.0@require-in-the-middle\index.js:61:29)
    at require (internal/modules/cjs/helpers.js:88:18)
    at Object.<anonymous> (D:\work\test\study\nodejs\demo0_node_vue_elementUI博客项目实战\blog_linux\node_modules\_http-errors@1.6.3@http-errors\index.js:15:17)
    at Module._compile (internal/modules/cjs/loader.js:1063:30)
    at Object.Module._extensions..js (internal/modules/cjs/loader.js:1092:10)
    at Module.load (internal/modules/cjs/loader.js:928:32)
    at Function.Module._load (internal/modules/cjs/loader.js:769:14)
    at Module.require (internal/modules/cjs/loader.js:952:19)
    at Module.Hook._require.Module.require (D:\work\tools\nodeJs\npmWorkspace\node_global\node_modules\pm2\node_modules\_require-in-the-middle@5.1.0@require-in-the-middle\index.js:80:39)
Error: Cannot find module 'depd'
Require stack:
- D:\work\test\study\nodejs\demo0_node_vue_elementUI博客项目实战\blog_linux\node_modules\_http-errors@1.6.3@http-errors\index.js
- D:\work\test\study\nodejs\demo0_node_vue_elementUI博客项目实战\blog_linux\app.js
- D:\work\test\study\nodejs\demo0_node_vue_elementUI博客项目实战\blog_linux\bin\www
    at Function.Module._resolveFilename (internal/modules/cjs/loader.js:880:15)
    at Module.Hook._require.Module.require (D:\work\tools\nodeJs\npmWorkspace\node_global\node_modules\pm2\node_modules\_require-in-the-middle@5.1.0@require-in-the-middle\index.js:61:29)
    at require (internal/modules/cjs/helpers.js:88:18)
    at Object.<anonymous> (D:\work\test\study\nodejs\demo0_node_vue_elementUI博客项目实战\blog_linux\node_modules\_http-errors@1.6.3@http-errors\index.js:15:17)
    at Module._compile (internal/modules/cjs/loader.js:1063:30)
    at Object.Module._extensions..js (internal/modules/cjs/loader.js:1092:10)
    at Module.load (internal/modules/cjs/loader.js:928:32)
    at Function.Module._load (internal/modules/cjs/loader.js:769:14)
    at Module.require (internal/modules/cjs/loader.js:952:19)
    at Module.Hook._require.Module.require (D:\work\tools\nodeJs\npmWorkspace\node_global\node_modules\pm2\node_modules\_require-in-the-middle@5.1.0@require-in-the-middle\index.js:80:39)
Error: Cannot find module 'depd'
Require stack:
- D:\work\test\study\nodejs\demo0_node_vue_elementUI博客项目实战\blog_linux\node_modules\_http-errors@1.6.3@http-errors\index.js
- D:\work\test\study\nodejs\demo0_node_vue_elementUI博客项目实战\blog_linux\app.js
- D:\work\test\study\nodejs\demo0_node_vue_elementUI博客项目实战\blog_linux\bin\www
    at Function.Module._resolveFilename (internal/modules/cjs/loader.js:880:15)
    at Module.Hook._require.Module.require (D:\work\tools\nodeJs\npmWorkspace\node_global\node_modules\pm2\node_modules\_require-in-the-middle@5.1.0@require-in-the-middle\index.js:61:29)
    at require (internal/modules/cjs/helpers.js:88:18)
    at Object.<anonymous> (D:\work\test\study\nodejs\demo0_node_vue_elementUI博客项目实战\blog_linux\node_modules\_http-errors@1.6.3@http-errors\index.js:15:17)
    at Module._compile (internal/modules/cjs/loader.js:1063:30)
    at Object.Module._extensions..js (internal/modules/cjs/loader.js:1092:10)
    at Module.load (internal/modules/cjs/loader.js:928:32)
    at Function.Module._load (internal/modules/cjs/loader.js:769:14)
    at Module.require (internal/modules/cjs/loader.js:952:19)
    at Module.Hook._require.Module.require (D:\work\tools\nodeJs\npmWorkspace\node_global\node_modules\pm2\node_modules\_require-in-the-middle@5.1.0@require-in-the-middle\index.js:80:39)
Error: Cannot find module 'depd'
Require stack:
- D:\work\test\study\nodejs\demo0_node_vue_elementUI博客项目实战\blog_linux\node_modules\_http-errors@1.6.3@http-errors\index.js
- D:\work\test\study\nodejs\demo0_node_vue_elementUI博客项目实战\blog_linux\app.js
- D:\work\test\study\nodejs\demo0_node_vue_elementUI博客项目实战\blog_linux\bin\www
    at Function.Module._resolveFilename (internal/modules/cjs/loader.js:880:15)
    at Module.Hook._require.Module.require (D:\work\tools\nodeJs\npmWorkspace\node_global\node_modules\pm2\node_modules\_require-in-the-middle@5.1.0@require-in-the-middle\index.js:61:29)
    at require (internal/modules/cjs/helpers.js:88:18)
    at Object.<anonymous> (D:\work\test\study\nodejs\demo0_node_vue_elementUI博客项目实战\blog_linux\node_modules\_http-errors@1.6.3@http-errors\index.js:15:17)
    at Module._compile (internal/modules/cjs/loader.js:1063:30)
    at Object.Module._extensions..js (internal/modules/cjs/loader.js:1092:10)
    at Module.load (internal/modules/cjs/loader.js:928:32)
    at Function.Module._load (internal/modules/cjs/loader.js:769:14)
    at Module.require (internal/modules/cjs/loader.js:952:19)
    at Module.Hook._require.Module.require (D:\work\tools\nodeJs\npmWorkspace\node_global\node_modules\pm2\node_modules\_require-in-the-middle@5.1.0@require-in-the-middle\index.js:80:39)
Error: Cannot find module 'depd'
Require stack:
- D:\work\test\study\nodejs\demo0_node_vue_elementUI博客项目实战\blog_linux\node_modules\_http-errors@1.6.3@http-errors\index.js
- D:\work\test\study\nodejs\demo0_node_vue_elementUI博客项目实战\blog_linux\app.js
- D:\work\test\study\nodejs\demo0_node_vue_elementUI博客项目实战\blog_linux\bin\www
    at Function.Module._resolveFilename (internal/modules/cjs/loader.js:880:15)
    at Module.Hook._require.Module.require (D:\work\tools\nodeJs\npmWorkspace\node_global\node_modules\pm2\node_modules\_require-in-the-middle@5.1.0@require-in-the-middle\index.js:61:29)
    at require (internal/modules/cjs/helpers.js:88:18)
    at Object.<anonymous> (D:\work\test\study\nodejs\demo0_node_vue_elementUI博客项目实战\blog_linux\node_modules\_http-errors@1.6.3@http-errors\index.js:15:17)
    at Module._compile (internal/modules/cjs/loader.js:1063:30)
    at Object.Module._extensions..js (internal/modules/cjs/loader.js:1092:10)
    at Module.load (internal/modules/cjs/loader.js:928:32)
    at Function.Module._load (internal/modules/cjs/loader.js:769:14)
    at Module.require (internal/modules/cjs/loader.js:952:19)
    at Module.Hook._require.Module.require (D:\work\tools\nodeJs\npmWorkspace\node_global\node_modules\pm2\node_modules\_require-in-the-middle@5.1.0@require-in-the-middle\index.js:80:39)
Error: Cannot find module 'depd'
Require stack:
- D:\work\test\study\nodejs\demo0_node_vue_elementUI博客项目实战\blog_linux\node_modules\_http-errors@1.6.3@http-errors\index.js
- D:\work\test\study\nodejs\demo0_node_vue_elementUI博客项目实战\blog_linux\app.js
- D:\work\test\study\nodejs\demo0_node_vue_elementUI博客项目实战\blog_linux\bin\www
    at Function.Module._resolveFilename (internal/modules/cjs/loader.js:880:15)
    at Module.Hook._require.Module.require (D:\work\tools\nodeJs\npmWorkspace\node_global\node_modules\pm2\node_modules\_require-in-the-middle@5.1.0@require-in-the-middle\index.js:61:29)
    at require (internal/modules/cjs/helpers.js:88:18)
    at Object.<anonymous> (D:\work\test\study\nodejs\demo0_node_vue_elementUI博客项目实战\blog_linux\node_modules\_http-errors@1.6.3@http-errors\index.js:15:17)
    at Module._compile (internal/modules/cjs/loader.js:1063:30)
    at Object.Module._extensions..js (internal/modules/cjs/loader.js:1092:10)
    at Module.load (internal/modules/cjs/loader.js:928:32)
    at Function.Module._load (internal/modules/cjs/loader.js:769:14)
    at Module.require (internal/modules/cjs/loader.js:952:19)
    at Module.Hook._require.Module.require (D:\work\tools\nodeJs\npmWorkspace\node_global\node_modules\pm2\node_modules\_require-in-the-middle@5.1.0@require-in-the-middle\index.js:80:39)
Error: Cannot find module 'depd'
Require stack:
- D:\work\test\study\nodejs\demo0_node_vue_elementUI博客项目实战\blog_linux\node_modules\_http-errors@1.6.3@http-errors\index.js
- D:\work\test\study\nodejs\demo0_node_vue_elementUI博客项目实战\blog_linux\app.js
- D:\work\test\study\nodejs\demo0_node_vue_elementUI博客项目实战\blog_linux\bin\www
    at Function.Module._resolveFilename (internal/modules/cjs/loader.js:880:15)
    at Module.Hook._require.Module.require (D:\work\tools\nodeJs\npmWorkspace\node_global\node_modules\pm2\node_modules\_require-in-the-middle@5.1.0@require-in-the-middle\index.js:61:29)
    at require (internal/modules/cjs/helpers.js:88:18)
    at Object.<anonymous> (D:\work\test\study\nodejs\demo0_node_vue_elementUI博客项目实战\blog_linux\node_modules\_http-errors@1.6.3@http-errors\index.js:15:17)
    at Module._compile (internal/modules/cjs/loader.js:1063:30)
    at Object.Module._extensions..js (internal/modules/cjs/loader.js:1092:10)
    at Module.load (internal/modules/cjs/loader.js:928:32)
    at Function.Module._load (internal/modules/cjs/loader.js:769:14)
    at Module.require (internal/modules/cjs/loader.js:952:19)
    at Module.Hook._require.Module.require (D:\work\tools\nodeJs\npmWorkspace\node_global\node_modules\pm2\node_modules\_require-in-the-middle@5.1.0@require-in-the-middle\index.js:80:39)
Error: Cannot find module 'depd'
Require stack:
- D:\work\test\study\nodejs\demo0_node_vue_elementUI博客项目实战\blog_linux\node_modules\_http-errors@1.6.3@http-errors\index.js
- D:\work\test\study\nodejs\demo0_node_vue_elementUI博客项目实战\blog_linux\app.js
- D:\work\test\study\nodejs\demo0_node_vue_elementUI博客项目实战\blog_linux\bin\www
    at Function.Module._resolveFilename (internal/modules/cjs/loader.js:880:15)
    at Module.Hook._require.Module.require (D:\work\tools\nodeJs\npmWorkspace\node_global\node_modules\pm2\node_modules\_require-in-the-middle@5.1.0@require-in-the-middle\index.js:61:29)
    at require (internal/modules/cjs/helpers.js:88:18)
    at Object.<anonymous> (D:\work\test\study\nodejs\demo0_node_vue_elementUI博客项目实战\blog_linux\node_modules\_http-errors@1.6.3@http-errors\index.js:15:17)
    at Module._compile (internal/modules/cjs/loader.js:1063:30)
    at Object.Module._extensions..js (internal/modules/cjs/loader.js:1092:10)
    at Module.load (internal/modules/cjs/loader.js:928:32)
    at Function.Module._load (internal/modules/cjs/loader.js:769:14)
    at Module.require (internal/modules/cjs/loader.js:952:19)
    at Module.Hook._require.Module.require (D:\work\tools\nodeJs\npmWorkspace\node_global\node_modules\pm2\node_modules\_require-in-the-middle@5.1.0@require-in-the-middle\index.js:80:39)
Error: Cannot find module 'depd'
Require stack:
- D:\work\test\study\nodejs\demo0_node_vue_elementUI博客项目实战\blog_linux\node_modules\_http-errors@1.6.3@http-errors\index.js
- D:\work\test\study\nodejs\demo0_node_vue_elementUI博客项目实战\blog_linux\app.js
- D:\work\test\study\nodejs\demo0_node_vue_elementUI博客项目实战\blog_linux\bin\www
    at Function.Module._resolveFilename (internal/modules/cjs/loader.js:880:15)
    at Module.Hook._require.Module.require (D:\work\tools\nodeJs\npmWorkspace\node_global\node_modules\pm2\node_modules\_require-in-the-middle@5.1.0@require-in-the-middle\index.js:61:29)
    at require (internal/modules/cjs/helpers.js:88:18)
    at Object.<anonymous> (D:\work\test\study\nodejs\demo0_node_vue_elementUI博客项目实战\blog_linux\node_modules\_http-errors@1.6.3@http-errors\index.js:15:17)
    at Module._compile (internal/modules/cjs/loader.js:1063:30)
    at Object.Module._extensions..js (internal/modules/cjs/loader.js:1092:10)
    at Module.load (internal/modules/cjs/loader.js:928:32)
    at Function.Module._load (internal/modules/cjs/loader.js:769:14)
    at Module.require (internal/modules/cjs/loader.js:952:19)
    at Module.Hook._require.Module.require (D:\work\tools\nodeJs\npmWorkspace\node_global\node_modules\pm2\node_modules\_require-in-the-middle@5.1.0@require-in-the-middle\index.js:80:39)
Error: Cannot find module 'depd'
Require stack:
- D:\work\test\study\nodejs\demo0_node_vue_elementUI博客项目实战\blog_linux\node_modules\_http-errors@1.6.3@http-errors\index.js
- D:\work\test\study\nodejs\demo0_node_vue_elementUI博客项目实战\blog_linux\app.js
- D:\work\test\study\nodejs\demo0_node_vue_elementUI博客项目实战\blog_linux\bin\www
    at Function.Module._resolveFilename (internal/modules/cjs/loader.js:880:15)
    at Module.Hook._require.Module.require (D:\work\tools\nodeJs\npmWorkspace\node_global\node_modules\pm2\node_modules\_require-in-the-middle@5.1.0@require-in-the-middle\index.js:61:29)
    at require (internal/modules/cjs/helpers.js:88:18)
    at Object.<anonymous> (D:\work\test\study\nodejs\demo0_node_vue_elementUI博客项目实战\blog_linux\node_modules\_http-errors@1.6.3@http-errors\index.js:15:17)
    at Module._compile (internal/modules/cjs/loader.js:1063:30)
    at Object.Module._extensions..js (internal/modules/cjs/loader.js:1092:10)
    at Module.load (internal/modules/cjs/loader.js:928:32)
    at Function.Module._load (internal/modules/cjs/loader.js:769:14)
    at Module.require (internal/modules/cjs/loader.js:952:19)
    at Module.Hook._require.Module.require (D:\work\tools\nodeJs\npmWorkspace\node_global\node_modules\pm2\node_modules\_require-in-the-middle@5.1.0@require-in-the-middle\index.js:80:39)
Error: Cannot find module 'depd'
Require stack:
- D:\work\test\study\nodejs\demo0_node_vue_elementUI博客项目实战\blog_linux\node_modules\_http-errors@1.6.3@http-errors\index.js
- D:\work\test\study\nodejs\demo0_node_vue_elementUI博客项目实战\blog_linux\app.js
- D:\work\test\study\nodejs\demo0_node_vue_elementUI博客项目实战\blog_linux\bin\www
    at Function.Module._resolveFilename (internal/modules/cjs/loader.js:880:15)
    at Module.Hook._require.Module.require (D:\work\tools\nodeJs\npmWorkspace\node_global\node_modules\pm2\node_modules\_require-in-the-middle@5.1.0@require-in-the-middle\index.js:61:29)
    at require (internal/modules/cjs/helpers.js:88:18)
    at Object.<anonymous> (D:\work\test\study\nodejs\demo0_node_vue_elementUI博客项目实战\blog_linux\node_modules\_http-errors@1.6.3@http-errors\index.js:15:17)
    at Module._compile (internal/modules/cjs/loader.js:1063:30)
    at Object.Module._extensions..js (internal/modules/cjs/loader.js:1092:10)
    at Module.load (internal/modules/cjs/loader.js:928:32)
    at Function.Module._load (internal/modules/cjs/loader.js:769:14)
    at Module.require (internal/modules/cjs/loader.js:952:19)
    at Module.Hook._require.Module.require (D:\work\tools\nodeJs\npmWorkspace\node_global\node_modules\pm2\node_modules\_require-in-the-middle@5.1.0@require-in-the-middle\index.js:80:39)
Error: Cannot find module 'depd'
Require stack:
- D:\work\test\study\nodejs\demo0_node_vue_elementUI博客项目实战\blog_linux\node_modules\_http-errors@1.6.3@http-errors\index.js
- D:\work\test\study\nodejs\demo0_node_vue_elementUI博客项目实战\blog_linux\app.js
- D:\work\test\study\nodejs\demo0_node_vue_elementUI博客项目实战\blog_linux\bin\www
    at Function.Module._resolveFilename (internal/modules/cjs/loader.js:880:15)
    at Module.Hook._require.Module.require (D:\work\tools\nodeJs\npmWorkspace\node_global\node_modules\pm2\node_modules\_require-in-the-middle@5.1.0@require-in-the-middle\index.js:61:29)
    at require (internal/modules/cjs/helpers.js:88:18)
    at Object.<anonymous> (D:\work\test\study\nodejs\demo0_node_vue_elementUI博客项目实战\blog_linux\node_modules\_http-errors@1.6.3@http-errors\index.js:15:17)
    at Module._compile (internal/modules/cjs/loader.js:1063:30)
    at Object.Module._extensions..js (internal/modules/cjs/loader.js:1092:10)
    at Module.load (internal/modules/cjs/loader.js:928:32)
    at Function.Module._load (internal/modules/cjs/loader.js:769:14)
    at Module.require (internal/modules/cjs/loader.js:952:19)
    at Module.Hook._require.Module.require (D:\work\tools\nodeJs\npmWorkspace\node_global\node_modules\pm2\node_modules\_require-in-the-middle@5.1.0@require-in-the-middle\index.js:80:39)
Error: Cannot find module 'depd'
Require stack:
- D:\work\test\study\nodejs\demo0_node_vue_elementUI博客项目实战\blog_linux\node_modules\_http-errors@1.6.3@http-errors\index.js
- D:\work\test\study\nodejs\demo0_node_vue_elementUI博客项目实战\blog_linux\app.js
- D:\work\test\study\nodejs\demo0_node_vue_elementUI博客项目实战\blog_linux\bin\www
    at Function.Module._resolveFilename (internal/modules/cjs/loader.js:880:15)
    at Module.Hook._require.Module.require (D:\work\tools\nodeJs\npmWorkspace\node_global\node_modules\pm2\node_modules\_require-in-the-middle@5.1.0@require-in-the-middle\index.js:61:29)
    at require (internal/modules/cjs/helpers.js:88:18)
    at Object.<anonymous> (D:\work\test\study\nodejs\demo0_node_vue_elementUI博客项目实战\blog_linux\node_modules\_http-errors@1.6.3@http-errors\index.js:15:17)
    at Module._compile (internal/modules/cjs/loader.js:1063:30)
    at Object.Module._extensions..js (internal/modules/cjs/loader.js:1092:10)
    at Module.load (internal/modules/cjs/loader.js:928:32)
    at Function.Module._load (internal/modules/cjs/loader.js:769:14)
    at Module.require (internal/modules/cjs/loader.js:952:19)
    at Module.Hook._require.Module.require (D:\work\tools\nodeJs\npmWorkspace\node_global\node_modules\pm2\node_modules\_require-in-the-middle@5.1.0@require-in-the-middle\index.js:80:39)
Error: Cannot find module 'depd'
Require stack:
- D:\work\test\study\nodejs\demo0_node_vue_elementUI博客项目实战\blog_linux\node_modules\_http-errors@1.6.3@http-errors\index.js
- D:\work\test\study\nodejs\demo0_node_vue_elementUI博客项目实战\blog_linux\app.js
- D:\work\test\study\nodejs\demo0_node_vue_elementUI博客项目实战\blog_linux\bin\www
    at Function.Module._resolveFilename (internal/modules/cjs/loader.js:880:15)
    at Module.Hook._require.Module.require (D:\work\tools\nodeJs\npmWorkspace\node_global\node_modules\pm2\node_modules\_require-in-the-middle@5.1.0@require-in-the-middle\index.js:61:29)
    at require (internal/modules/cjs/helpers.js:88:18)
    at Object.<anonymous> (D:\work\test\study\nodejs\demo0_node_vue_elementUI博客项目实战\blog_linux\node_modules\_http-errors@1.6.3@http-errors\index.js:15:17)
    at Module._compile (internal/modules/cjs/loader.js:1063:30)
    at Object.Module._extensions..js (internal/modules/cjs/loader.js:1092:10)
    at Module.load (internal/modules/cjs/loader.js:928:32)
    at Function.Module._load (internal/modules/cjs/loader.js:769:14)
    at Module.require (internal/modules/cjs/loader.js:952:19)
    at Module.Hook._require.Module.require (D:\work\tools\nodeJs\npmWorkspace\node_global\node_modules\pm2\node_modules\_require-in-the-middle@5.1.0@require-in-the-middle\index.js:80:39)
Error: Cannot find module 'depd'
Require stack:
- D:\work\test\study\nodejs\demo0_node_vue_elementUI博客项目实战\blog_linux\node_modules\_http-errors@1.6.3@http-errors\index.js
- D:\work\test\study\nodejs\demo0_node_vue_elementUI博客项目实战\blog_linux\app.js
- D:\work\test\study\nodejs\demo0_node_vue_elementUI博客项目实战\blog_linux\bin\www
    at Function.Module._resolveFilename (internal/modules/cjs/loader.js:880:15)
    at Module.Hook._require.Module.require (D:\work\tools\nodeJs\npmWorkspace\node_global\node_modules\pm2\node_modules\_require-in-the-middle@5.1.0@require-in-the-middle\index.js:61:29)
    at require (internal/modules/cjs/helpers.js:88:18)
    at Object.<anonymous> (D:\work\test\study\nodejs\demo0_node_vue_elementUI博客项目实战\blog_linux\node_modules\_http-errors@1.6.3@http-errors\index.js:15:17)
    at Module._compile (internal/modules/cjs/loader.js:1063:30)
    at Object.Module._extensions..js (internal/modules/cjs/loader.js:1092:10)
    at Module.load (internal/modules/cjs/loader.js:928:32)
    at Function.Module._load (internal/modules/cjs/loader.js:769:14)
    at Module.require (internal/modules/cjs/loader.js:952:19)
    at Module.Hook._require.Module.require (D:\work\tools\nodeJs\npmWorkspace\node_global\node_modules\pm2\node_modules\_require-in-the-middle@5.1.0@require-in-the-middle\index.js:80:39)
Error: Cannot find module 'depd'
Require stack:
- D:\work\test\study\nodejs\demo0_node_vue_elementUI博客项目实战\blog_linux\node_modules\_http-errors@1.6.3@http-errors\index.js
- D:\work\test\study\nodejs\demo0_node_vue_elementUI博客项目实战\blog_linux\app.js
- D:\work\test\study\nodejs\demo0_node_vue_elementUI博客项目实战\blog_linux\bin\www
    at Function.Module._resolveFilename (internal/modules/cjs/loader.js:880:15)
    at Module.Hook._require.Module.require (D:\work\tools\nodeJs\npmWorkspace\node_global\node_modules\pm2\node_modules\_require-in-the-middle@5.1.0@require-in-the-middle\index.js:61:29)
    at require (internal/modules/cjs/helpers.js:88:18)
    at Object.<anonymous> (D:\work\test\study\nodejs\demo0_node_vue_elementUI博客项目实战\blog_linux\node_modules\_http-errors@1.6.3@http-errors\index.js:15:17)
    at Module._compile (internal/modules/cjs/loader.js:1063:30)
    at Object.Module._extensions..js (internal/modules/cjs/loader.js:1092:10)
    at Module.load (internal/modules/cjs/loader.js:928:32)
    at Function.Module._load (internal/modules/cjs/loader.js:769:14)
    at Module.require (internal/modules/cjs/loader.js:952:19)
    at Module.Hook._require.Module.require (D:\work\tools\nodeJs\npmWorkspace\node_global\node_modules\pm2\node_modules\_require-in-the-middle@5.1.0@require-in-the-middle\index.js:80:39)
Error: Cannot find module 'depd'
Require stack:
- D:\work\test\study\nodejs\demo0_node_vue_elementUI博客项目实战\blog_linux\node_modules\_http-errors@1.6.3@http-errors\index.js
- D:\work\test\study\nodejs\demo0_node_vue_elementUI博客项目实战\blog_linux\app.js
- D:\work\test\study\nodejs\demo0_node_vue_elementUI博客项目实战\blog_linux\bin\www
    at Function.Module._resolveFilename (internal/modules/cjs/loader.js:880:15)
    at Module.Hook._require.Module.require (D:\work\tools\nodeJs\npmWorkspace\node_global\node_modules\pm2\node_modules\_require-in-the-middle@5.1.0@require-in-the-middle\index.js:61:29)
    at require (internal/modules/cjs/helpers.js:88:18)
    at Object.<anonymous> (D:\work\test\study\nodejs\demo0_node_vue_elementUI博客项目实战\blog_linux\node_modules\_http-errors@1.6.3@http-errors\index.js:15:17)
    at Module._compile (internal/modules/cjs/loader.js:1063:30)
    at Object.Module._extensions..js (internal/modules/cjs/loader.js:1092:10)
    at Module.load (internal/modules/cjs/loader.js:928:32)
    at Function.Module._load (internal/modules/cjs/loader.js:769:14)
    at Module.require (internal/modules/cjs/loader.js:952:19)
    at Module.Hook._require.Module.require (D:\work\tools\nodeJs\npmWorkspace\node_global\node_modules\pm2\node_modules\_require-in-the-middle@5.1.0@require-in-the-middle\index.js:80:39)
Error: Cannot find module 'depd'
Require stack:
- D:\work\test\study\nodejs\demo0_node_vue_elementUI博客项目实战\blog_linux\node_modules\_http-errors@1.6.3@http-errors\index.js
- D:\work\test\study\nodejs\demo0_node_vue_elementUI博客项目实战\blog_linux\app.js
- D:\work\test\study\nodejs\demo0_node_vue_elementUI博客项目实战\blog_linux\bin\www
    at Function.Module._resolveFilename (internal/modules/cjs/loader.js:880:15)
    at Module.Hook._require.Module.require (D:\work\tools\nodeJs\npmWorkspace\node_global\node_modules\pm2\node_modules\_require-in-the-middle@5.1.0@require-in-the-middle\index.js:61:29)
    at require (internal/modules/cjs/helpers.js:88:18)
    at Object.<anonymous> (D:\work\test\study\nodejs\demo0_node_vue_elementUI博客项目实战\blog_linux\node_modules\_http-errors@1.6.3@http-errors\index.js:15:17)
    at Module._compile (internal/modules/cjs/loader.js:1063:30)
    at Object.Module._extensions..js (internal/modules/cjs/loader.js:1092:10)
    at Module.load (internal/modules/cjs/loader.js:928:32)
    at Function.Module._load (internal/modules/cjs/loader.js:769:14)
    at Module.require (internal/modules/cjs/loader.js:952:19)
    at Module.Hook._require.Module.require (D:\work\tools\nodeJs\npmWorkspace\node_global\node_modules\pm2\node_modules\_require-in-the-middle@5.1.0@require-in-the-middle\index.js:80:39)
Error: Cannot find module 'depd'
Require stack:
- D:\work\test\study\nodejs\demo0_node_vue_elementUI博客项目实战\blog_linux\node_modules\_http-errors@1.6.3@http-errors\index.js
- D:\work\test\study\nodejs\demo0_node_vue_elementUI博客项目实战\blog_linux\app.js
- D:\work\test\study\nodejs\demo0_node_vue_elementUI博客项目实战\blog_linux\bin\www
    at Function.Module._resolveFilename (internal/modules/cjs/loader.js:880:15)
    at Module.Hook._require.Module.require (D:\work\tools\nodeJs\npmWorkspace\node_global\node_modules\pm2\node_modules\_require-in-the-middle@5.1.0@require-in-the-middle\index.js:61:29)
    at require (internal/modules/cjs/helpers.js:88:18)
    at Object.<anonymous> (D:\work\test\study\nodejs\demo0_node_vue_elementUI博客项目实战\blog_linux\node_modules\_http-errors@1.6.3@http-errors\index.js:15:17)
    at Module._compile (internal/modules/cjs/loader.js:1063:30)
    at Object.Module._extensions..js (internal/modules/cjs/loader.js:1092:10)
    at Module.load (internal/modules/cjs/loader.js:928:32)
    at Function.Module._load (internal/modules/cjs/loader.js:769:14)
    at Module.require (internal/modules/cjs/loader.js:952:19)
    at Module.Hook._require.Module.require (D:\work\tools\nodeJs\npmWorkspace\node_global\node_modules\pm2\node_modules\_require-in-the-middle@5.1.0@require-in-the-middle\index.js:80:39)
Error: Cannot find module 'depd'
Require stack:
- D:\work\test\study\nodejs\demo0_node_vue_elementUI博客项目实战\blog_linux\node_modules\_http-errors@1.6.3@http-errors\index.js
- D:\work\test\study\nodejs\demo0_node_vue_elementUI博客项目实战\blog_linux\app.js
- D:\work\test\study\nodejs\demo0_node_vue_elementUI博客项目实战\blog_linux\bin\www
    at Function.Module._resolveFilename (internal/modules/cjs/loader.js:880:15)
    at Module.Hook._require.Module.require (D:\work\tools\nodeJs\npmWorkspace\node_global\node_modules\pm2\node_modules\_require-in-the-middle@5.1.0@require-in-the-middle\index.js:61:29)
    at require (internal/modules/cjs/helpers.js:88:18)
    at Object.<anonymous> (D:\work\test\study\nodejs\demo0_node_vue_elementUI博客项目实战\blog_linux\node_modules\_http-errors@1.6.3@http-errors\index.js:15:17)
    at Module._compile (internal/modules/cjs/loader.js:1063:30)
    at Object.Module._extensions..js (internal/modules/cjs/loader.js:1092:10)
    at Module.load (internal/modules/cjs/loader.js:928:32)
    at Function.Module._load (internal/modules/cjs/loader.js:769:14)
    at Module.require (internal/modules/cjs/loader.js:952:19)
    at Module.Hook._require.Module.require (D:\work\tools\nodeJs\npmWorkspace\node_global\node_modules\pm2\node_modules\_require-in-the-middle@5.1.0@require-in-the-middle\index.js:80:39)
Error: Cannot find module 'depd'
Require stack:
- D:\work\test\study\nodejs\demo0_node_vue_elementUI博客项目实战\blog_linux\node_modules\_http-errors@1.6.3@http-errors\index.js
- D:\work\test\study\nodejs\demo0_node_vue_elementUI博客项目实战\blog_linux\app.js
- D:\work\test\study\nodejs\demo0_node_vue_elementUI博客项目实战\blog_linux\bin\www
    at Function.Module._resolveFilename (internal/modules/cjs/loader.js:880:15)
    at Module.Hook._require.Module.require (D:\work\tools\nodeJs\npmWorkspace\node_global\node_modules\pm2\node_modules\_require-in-the-middle@5.1.0@require-in-the-middle\index.js:61:29)
    at require (internal/modules/cjs/helpers.js:88:18)
    at Object.<anonymous> (D:\work\test\study\nodejs\demo0_node_vue_elementUI博客项目实战\blog_linux\node_modules\_http-errors@1.6.3@http-errors\index.js:15:17)
    at Module._compile (internal/modules/cjs/loader.js:1063:30)
    at Object.Module._extensions..js (internal/modules/cjs/loader.js:1092:10)
    at Module.load (internal/modules/cjs/loader.js:928:32)
    at Function.Module._load (internal/modules/cjs/loader.js:769:14)
    at Module.require (internal/modules/cjs/loader.js:952:19)
    at Module.Hook._require.Module.require (D:\work\tools\nodeJs\npmWorkspace\node_global\node_modules\pm2\node_modules\_require-in-the-middle@5.1.0@require-in-the-middle\index.js:80:39)
Error: Cannot find module 'depd'
Require stack:
- D:\work\test\study\nodejs\demo0_node_vue_elementUI博客项目实战\blog_linux\node_modules\_http-errors@1.6.3@http-errors\index.js
- D:\work\test\study\nodejs\demo0_node_vue_elementUI博客项目实战\blog_linux\app.js
- D:\work\test\study\nodejs\demo0_node_vue_elementUI博客项目实战\blog_linux\bin\www
    at Function.Module._resolveFilename (internal/modules/cjs/loader.js:880:15)
    at Module.Hook._require.Module.require (D:\work\tools\nodeJs\npmWorkspace\node_global\node_modules\pm2\node_modules\_require-in-the-middle@5.1.0@require-in-the-middle\index.js:61:29)
    at require (internal/modules/cjs/helpers.js:88:18)
    at Object.<anonymous> (D:\work\test\study\nodejs\demo0_node_vue_elementUI博客项目实战\blog_linux\node_modules\_http-errors@1.6.3@http-errors\index.js:15:17)
    at Module._compile (internal/modules/cjs/loader.js:1063:30)
    at Object.Module._extensions..js (internal/modules/cjs/loader.js:1092:10)
    at Module.load (internal/modules/cjs/loader.js:928:32)
    at Function.Module._load (internal/modules/cjs/loader.js:769:14)
    at Module.require (internal/modules/cjs/loader.js:952:19)
    at Module.Hook._require.Module.require (D:\work\tools\nodeJs\npmWorkspace\node_global\node_modules\pm2\node_modules\_require-in-the-middle@5.1.0@require-in-the-middle\index.js:80:39)
Error: Cannot find module 'depd'
Require stack:
- D:\work\test\study\nodejs\demo0_node_vue_elementUI博客项目实战\blog_linux\node_modules\_http-errors@1.6.3@http-errors\index.js
- D:\work\test\study\nodejs\demo0_node_vue_elementUI博客项目实战\blog_linux\app.js
- D:\work\test\study\nodejs\demo0_node_vue_elementUI博客项目实战\blog_linux\bin\www
    at Function.Module._resolveFilename (internal/modules/cjs/loader.js:880:15)
    at Module.Hook._require.Module.require (D:\work\tools\nodeJs\npmWorkspace\node_global\node_modules\pm2\node_modules\_require-in-the-middle@5.1.0@require-in-the-middle\index.js:61:29)
    at require (internal/modules/cjs/helpers.js:88:18)
    at Object.<anonymous> (D:\work\test\study\nodejs\demo0_node_vue_elementUI博客项目实战\blog_linux\node_modules\_http-errors@1.6.3@http-errors\index.js:15:17)
    at Module._compile (internal/modules/cjs/loader.js:1063:30)
    at Object.Module._extensions..js (internal/modules/cjs/loader.js:1092:10)
    at Module.load (internal/modules/cjs/loader.js:928:32)
    at Function.Module._load (internal/modules/cjs/loader.js:769:14)
    at Module.require (internal/modules/cjs/loader.js:952:19)
    at Module.Hook._require.Module.require (D:\work\tools\nodeJs\npmWorkspace\node_global\node_modules\pm2\node_modules\_require-in-the-middle@5.1.0@require-in-the-middle\index.js:80:39)
Error: Cannot find module 'depd'
Require stack:
- D:\work\test\study\nodejs\demo0_node_vue_elementUI博客项目实战\blog_linux\node_modules\_http-errors@1.6.3@http-errors\index.js
- D:\work\test\study\nodejs\demo0_node_vue_elementUI博客项目实战\blog_linux\app.js
- D:\work\test\study\nodejs\demo0_node_vue_elementUI博客项目实战\blog_linux\bin\www
    at Function.Module._resolveFilename (internal/modules/cjs/loader.js:880:15)
    at Module.Hook._require.Module.require (D:\work\tools\nodeJs\npmWorkspace\node_global\node_modules\pm2\node_modules\_require-in-the-middle@5.1.0@require-in-the-middle\index.js:61:29)
    at require (internal/modules/cjs/helpers.js:88:18)
    at Object.<anonymous> (D:\work\test\study\nodejs\demo0_node_vue_elementUI博客项目实战\blog_linux\node_modules\_http-errors@1.6.3@http-errors\index.js:15:17)
    at Module._compile (internal/modules/cjs/loader.js:1063:30)
    at Object.Module._extensions..js (internal/modules/cjs/loader.js:1092:10)
    at Module.load (internal/modules/cjs/loader.js:928:32)
    at Function.Module._load (internal/modules/cjs/loader.js:769:14)
    at Module.require (internal/modules/cjs/loader.js:952:19)
    at Module.Hook._require.Module.require (D:\work\tools\nodeJs\npmWorkspace\node_global\node_modules\pm2\node_modules\_require-in-the-middle@5.1.0@require-in-the-middle\index.js:80:39)
Error: Cannot find module 'depd'
Require stack:
- D:\work\test\study\nodejs\demo0_node_vue_elementUI博客项目实战\blog_linux\node_modules\_http-errors@1.6.3@http-errors\index.js
- D:\work\test\study\nodejs\demo0_node_vue_elementUI博客项目实战\blog_linux\app.js
- D:\work\test\study\nodejs\demo0_node_vue_elementUI博客项目实战\blog_linux\bin\www
    at Function.Module._resolveFilename (internal/modules/cjs/loader.js:880:15)
    at Module.Hook._require.Module.require (D:\work\tools\nodeJs\npmWorkspace\node_global\node_modules\pm2\node_modules\_require-in-the-middle@5.1.0@require-in-the-middle\index.js:61:29)
    at require (internal/modules/cjs/helpers.js:88:18)
    at Object.<anonymous> (D:\work\test\study\nodejs\demo0_node_vue_elementUI博客项目实战\blog_linux\node_modules\_http-errors@1.6.3@http-errors\index.js:15:17)
    at Module._compile (internal/modules/cjs/loader.js:1063:30)
    at Object.Module._extensions..js (internal/modules/cjs/loader.js:1092:10)
    at Module.load (internal/modules/cjs/loader.js:928:32)
    at Function.Module._load (internal/modules/cjs/loader.js:769:14)
    at Module.require (internal/modules/cjs/loader.js:952:19)
    at Module.Hook._require.Module.require (D:\work\tools\nodeJs\npmWorkspace\node_global\node_modules\pm2\node_modules\_require-in-the-middle@5.1.0@require-in-the-middle\index.js:80:39)
Error: Cannot find module 'depd'
Require stack:
- D:\work\test\study\nodejs\demo0_node_vue_elementUI博客项目实战\blog_linux\node_modules\_http-errors@1.6.3@http-errors\index.js
- D:\work\test\study\nodejs\demo0_node_vue_elementUI博客项目实战\blog_linux\app.js
- D:\work\test\study\nodejs\demo0_node_vue_elementUI博客项目实战\blog_linux\bin\www
    at Function.Module._resolveFilename (internal/modules/cjs/loader.js:880:15)
    at Module.Hook._require.Module.require (D:\work\tools\nodeJs\npmWorkspace\node_global\node_modules\pm2\node_modules\_require-in-the-middle@5.1.0@require-in-the-middle\index.js:61:29)
    at require (internal/modules/cjs/helpers.js:88:18)
    at Object.<anonymous> (D:\work\test\study\nodejs\demo0_node_vue_elementUI博客项目实战\blog_linux\node_modules\_http-errors@1.6.3@http-errors\index.js:15:17)
    at Module._compile (internal/modules/cjs/loader.js:1063:30)
    at Object.Module._extensions..js (internal/modules/cjs/loader.js:1092:10)
    at Module.load (internal/modules/cjs/loader.js:928:32)
    at Function.Module._load (internal/modules/cjs/loader.js:769:14)
    at Module.require (internal/modules/cjs/loader.js:952:19)
    at Module.Hook._require.Module.require (D:\work\tools\nodeJs\npmWorkspace\node_global\node_modules\pm2\node_modules\_require-in-the-middle@5.1.0@require-in-the-middle\index.js:80:39)
Error: Cannot find module 'depd'
Require stack:
- D:\work\test\study\nodejs\demo0_node_vue_elementUI博客项目实战\blog_linux\node_modules\_http-errors@1.6.3@http-errors\index.js
- D:\work\test\study\nodejs\demo0_node_vue_elementUI博客项目实战\blog_linux\app.js
- D:\work\test\study\nodejs\demo0_node_vue_elementUI博客项目实战\blog_linux\bin\www
    at Function.Module._resolveFilename (internal/modules/cjs/loader.js:880:15)
    at Module.Hook._require.Module.require (D:\work\tools\nodeJs\npmWorkspace\node_global\node_modules\pm2\node_modules\_require-in-the-middle@5.1.0@require-in-the-middle\index.js:61:29)
    at require (internal/modules/cjs/helpers.js:88:18)
    at Object.<anonymous> (D:\work\test\study\nodejs\demo0_node_vue_elementUI博客项目实战\blog_linux\node_modules\_http-errors@1.6.3@http-errors\index.js:15:17)
    at Module._compile (internal/modules/cjs/loader.js:1063:30)
    at Object.Module._extensions..js (internal/modules/cjs/loader.js:1092:10)
    at Module.load (internal/modules/cjs/loader.js:928:32)
    at Function.Module._load (internal/modules/cjs/loader.js:769:14)
    at Module.require (internal/modules/cjs/loader.js:952:19)
    at Module.Hook._require.Module.require (D:\work\tools\nodeJs\npmWorkspace\node_global\node_modules\pm2\node_modules\_require-in-the-middle@5.1.0@require-in-the-middle\index.js:80:39)
